15:16:26.589 [main] INFO  org.testng.internal.Utils - [TestNG] Running:
  C:\eclipse-workspace\OpencartV121\master.xml

15:17:54.676 [main] INFO  org.testng.internal.Utils - [TestNG] Running:
  C:\eclipse-workspace\OpencartV121\master.xml

15:25:04.550 [main] INFO  org.testng.internal.Utils - [TestNG] Running:
  C:\eclipse-workspace\OpencartV121\master.xml

15:28:04.811 [main] INFO  org.testng.internal.Utils - [TestNG] Running:
  C:\eclipse-workspace\OpencartV121\master.xml

15:48:38.443 [main] INFO  org.testng.internal.Utils - [TestNG] Running:
  C:\eclipse-workspace\OpencartV121\master.xml

15:49:13.116 [main] INFO  org.testng.internal.Utils - [TestNG] Running:
  C:\eclipse-workspace\OpencartV121\master.xml

15:50:40.362 [main] INFO  org.testng.internal.Utils - [TestNG] Running:
  C:\eclipse-workspace\OpencartV121\master.xml

16:08:38.164 [main] INFO  org.testng.internal.Utils - [TestNG] Running:
  C:\eclipse-workspace\OpencartV121\master.xml

16:16:34.486 [main] INFO  org.testng.internal.Utils - [TestNG] Running:
  C:\eclipse-workspace\OpencartV121\master.xml

16:16:40.789 [main] INFO  testCases.TC001_AccountRegistrationTest - ****** Starting TC001_AccountRegistrationTest ****
16:16:41.248 [main] INFO  testCases.TC001_AccountRegistrationTest - * clicked on my account link *
16:16:42.231 [main] INFO  testCases.TC001_AccountRegistrationTest - * clicked on register link * 
16:16:42.242 [main] INFO  testCases.TC001_AccountRegistrationTest - * providing customer details * 
16:16:44.019 [main] INFO  testCases.TC001_AccountRegistrationTest - *validating expected message * 
16:16:44.117 [main] INFO  testCases.TC001_AccountRegistrationTest - ****** finished TC001_AccountRegistrationTest *****
16:16:48.951 [main] INFO  testCases.TC002_LoginTest - *** starting TC_002_LoginTest ***
16:16:51.209 [main] INFO  testCases.TC002_LoginTest - *** Finished TC_002_LoginTest****
16:30:18.025 [main] INFO  org.testng.internal.Utils - [TestNG] Running:
  C:\eclipse-workspace\OpencartV121\CrossBrowserTesting.xml

16:30:18.558 [TestNG-tests-3] INFO  testCases.TC002_LoginTest - *** starting TC_002_LoginTest ***
16:53:55.302 [main] INFO  org.testng.internal.Utils - [TestNG] Running:
  C:\eclipse-workspace\OpencartV121\master.xml

17:46:51.419 [main] INFO  org.testng.internal.Utils - [TestNG] Running:
  C:\eclipse-workspace\OpencartV121\CrossBrowserTesting.xml

17:47:01.223 [TestNG-tests-1] INFO  testCases.TC002_LoginTest - *** starting TC_002_LoginTest ***
17:47:01.231 [TestNG-tests-2] INFO  testCases.TC002_LoginTest - *** starting TC_002_LoginTest ***
17:47:05.761 [TestNG-tests-3] INFO  testCases.TC002_LoginTest - *** starting TC_002_LoginTest ***
17:47:07.996 [TestNG-tests-3] INFO  testCases.TC002_LoginTest - *** Finished TC_002_LoginTest****
17:47:57.579 [main] INFO  org.testng.internal.Utils - [TestNG] Running:
  C:\eclipse-workspace\OpencartV121\grouping.xml

17:48:02.995 [main] INFO  testCases.TC001_AccountRegistrationTest - ****** Starting TC001_AccountRegistrationTest ****
17:48:03.433 [main] INFO  testCases.TC001_AccountRegistrationTest - * clicked on my account link *
17:48:04.345 [main] INFO  testCases.TC001_AccountRegistrationTest - * clicked on register link * 
17:48:04.352 [main] INFO  testCases.TC001_AccountRegistrationTest - * providing customer details * 
17:48:06.105 [main] INFO  testCases.TC001_AccountRegistrationTest - *validating expected message * 
17:48:06.178 [main] INFO  testCases.TC001_AccountRegistrationTest - ****** finished TC001_AccountRegistrationTest *****
17:48:10.756 [main] INFO  testCases.TC002_LoginTest - *** starting TC_002_LoginTest ***
17:48:12.947 [main] INFO  testCases.TC002_LoginTest - *** Finished TC_002_LoginTest****
17:48:32.425 [main] INFO  org.testng.internal.Utils - [TestNG] Running:
  C:\eclipse-workspace\OpencartV121\CrossBrowserTesting.xml

17:48:40.329 [TestNG-tests-1] INFO  testCases.TC002_LoginTest - *** starting TC_002_LoginTest ***
17:48:43.148 [TestNG-tests-2] INFO  testCases.TC002_LoginTest - *** starting TC_002_LoginTest ***
17:48:46.948 [TestNG-tests-3] INFO  testCases.TC002_LoginTest - *** starting TC_002_LoginTest ***
17:48:49.244 [TestNG-tests-3] INFO  testCases.TC002_LoginTest - *** Finished TC_002_LoginTest****
17:52:40.291 [main] INFO  org.testng.internal.Utils - [TestNG] Running:
  C:\eclipse-workspace\OpencartV121\master.xml

17:54:01.167 [main] INFO  org.testng.internal.Utils - [TestNG] Running:
  C:\eclipse-workspace\OpencartV121\master.xml

19:57:50.145 [main] INFO  org.testng.internal.Utils - [TestNG] Running:
  C:\eclipse-workspace\OpencartV121\master.xml

20:05:20.948 [main] INFO  org.testng.internal.Utils - [TestNG] Running:
  C:\eclipse-workspace\OpencartV121\master.xml

20:06:15.524 [main] INFO  testCases.TC001_AccountRegistrationTest - ****** Starting TC001_AccountRegistrationTest ****
20:06:17.855 [main] INFO  testCases.TC001_AccountRegistrationTest - * clicked on my account link *
20:06:22.719 [main] INFO  testCases.TC001_AccountRegistrationTest - * clicked on register link * 
20:06:22.740 [main] INFO  testCases.TC001_AccountRegistrationTest - * providing customer details * 
20:06:47.142 [main] INFO  testCases.TC001_AccountRegistrationTest - *validating expected message * 
20:06:48.186 [main] INFO  testCases.TC001_AccountRegistrationTest - ****** finished TC001_AccountRegistrationTest *****
20:07:23.350 [main] INFO  testCases.TC002_LoginTest - *** starting TC_002_LoginTest ***
20:07:38.871 [main] INFO  testCases.TC002_LoginTest - *** Finished TC_002_LoginTest****
20:44:43.526 [main] INFO  org.testng.internal.Utils - [TestNG] Running:
  C:\eclipse-workspace\OpencartV121\master.xml

20:44:49.443 [main] INFO  testCases.TC001_AccountRegistrationTest - ****** Starting TC001_AccountRegistrationTest ****
20:44:50.229 [main] INFO  testCases.TC001_AccountRegistrationTest - * clicked on my account link *
20:44:51.308 [main] INFO  testCases.TC001_AccountRegistrationTest - * clicked on register link * 
20:44:51.317 [main] INFO  testCases.TC001_AccountRegistrationTest - * providing customer details * 
20:44:53.279 [main] INFO  testCases.TC001_AccountRegistrationTest - *validating expected message * 
20:44:53.345 [main] INFO  testCases.TC001_AccountRegistrationTest - ****** finished TC001_AccountRegistrationTest *****
20:44:57.538 [main] INFO  testCases.TC002_LoginTest - *** starting TC_002_LoginTest ***
20:44:59.846 [main] INFO  testCases.TC002_LoginTest - *** Finished TC_002_LoginTest****
20:50:53.161 [main] INFO  org.testng.internal.Utils - [TestNG] Running:
  C:\eclipse-workspace\OpencartV121\CrossBrowserTesting.xml

20:50:53.725 [TestNG-tests-3] INFO  testCases.TC002_LoginTest - *** starting TC_002_LoginTest ***
20:51:02.609 [TestNG-tests-1] INFO  testCases.TC002_LoginTest - *** starting TC_002_LoginTest ***
20:51:05.935 [TestNG-tests-2] INFO  testCases.TC002_LoginTest - *** starting TC_002_LoginTest ***
20:51:47.870 [main] INFO  org.testng.internal.Utils - [TestNG] Running:
  C:\eclipse-workspace\OpencartV121\grouping.xml

20:51:53.338 [main] INFO  testCases.TC001_AccountRegistrationTest - ****** Starting TC001_AccountRegistrationTest ****
20:51:53.738 [main] INFO  testCases.TC001_AccountRegistrationTest - * clicked on my account link *
20:51:54.452 [main] INFO  testCases.TC001_AccountRegistrationTest - * clicked on register link * 
20:51:54.462 [main] INFO  testCases.TC001_AccountRegistrationTest - * providing customer details * 
20:51:56.342 [main] INFO  testCases.TC001_AccountRegistrationTest - *validating expected message * 
20:51:56.426 [main] INFO  testCases.TC001_AccountRegistrationTest - ****** finished TC001_AccountRegistrationTest *****
20:52:00.525 [main] INFO  testCases.TC002_LoginTest - *** starting TC_002_LoginTest ***
20:52:02.830 [main] INFO  testCases.TC002_LoginTest - *** Finished TC_002_LoginTest****
19:58:24.855 [main] INFO  org.testng.internal.Utils - [TestNG] Running:
  C:\eclipse-workspace\OpencartV121\grid-docker.xml

19:58:25.681 [main] INFO  testCases.TC001_AccountRegistrationTest - ****** Starting TC001_AccountRegistrationTest ****
20:02:43.961 [main] INFO  org.testng.internal.Utils - [TestNG] Running:
  C:\eclipse-workspace\OpencartV121\grid-docker.xml

20:02:44.763 [main] INFO  testCases.TC001_AccountRegistrationTest - ****** Starting TC001_AccountRegistrationTest ****
20:09:28.572 [main] INFO  org.testng.internal.Utils - [TestNG] Running:
  C:\eclipse-workspace\OpencartV121\master.xml

20:09:29.195 [main] INFO  testCases.TC001_AccountRegistrationTest - ****** Starting TC001_AccountRegistrationTest ****
20:10:11.012 [main] INFO  org.testng.internal.Utils - [TestNG] Running:
  C:\eclipse-workspace\OpencartV121\master.xml

20:15:39.726 [main] INFO  org.testng.internal.Utils - [TestNG] Running:
  C:\eclipse-workspace\OpencartV121\grid-docker.xml

20:15:40.315 [main] INFO  testCases.TC001_AccountRegistrationTest - ****** Starting TC001_AccountRegistrationTest ****
20:28:06.950 [main] INFO  org.testng.internal.Utils - [TestNG] Running:
  C:\eclipse-workspace\OpencartV121\grid-docker.xml

20:28:13.982 [main] INFO  testCases.TC001_AccountRegistrationTest - ****** Starting TC001_AccountRegistrationTest ****
20:28:14.463 [main] INFO  testCases.TC001_AccountRegistrationTest - * clicked on my account link *
20:28:14.932 [main] INFO  testCases.TC001_AccountRegistrationTest - * clicked on register link * 
20:28:14.943 [main] INFO  testCases.TC001_AccountRegistrationTest - * providing customer details * 
20:28:17.965 [main] INFO  testCases.TC001_AccountRegistrationTest - *validating expected message * 
20:28:18.077 [main] INFO  testCases.TC001_AccountRegistrationTest - ****** finished TC001_AccountRegistrationTest *****
20:28:21.591 [main] INFO  testCases.TC002_LoginTest - *** starting TC_002_LoginTest ***
20:28:24.487 [main] INFO  testCases.TC002_LoginTest - *** Finished TC_002_LoginTest****
20:33:56.991 [main] INFO  org.testng.internal.Utils - [TestNG] Running:
  C:\eclipse-workspace\OpencartV121\grid-docker.xml

20:33:57.686 [main] INFO  testCases.TC001_AccountRegistrationTest - ****** Starting TC001_AccountRegistrationTest ****
20:37:04.814 [main] INFO  org.testng.internal.Utils - [TestNG] Running:
  C:\eclipse-workspace\OpencartV121\grid-docker.xml

20:37:17.456 [main] INFO  testCases.TC001_AccountRegistrationTest - ****** Starting TC001_AccountRegistrationTest ****
20:37:17.856 [main] INFO  testCases.TC001_AccountRegistrationTest - * clicked on my account link *
20:37:19.642 [main] INFO  testCases.TC001_AccountRegistrationTest - * clicked on register link * 
20:37:19.648 [main] INFO  testCases.TC001_AccountRegistrationTest - * providing customer details * 
20:37:21.977 [main] INFO  testCases.TC001_AccountRegistrationTest - *validating expected message * 
20:37:22.153 [main] INFO  testCases.TC001_AccountRegistrationTest - ****** finished TC001_AccountRegistrationTest *****
20:37:31.189 [main] INFO  testCases.TC002_LoginTest - *** starting TC_002_LoginTest ***
20:37:33.822 [main] INFO  testCases.TC002_LoginTest - *** Finished TC_002_LoginTest****
21:07:30.774 [main] INFO  org.testng.internal.Utils - [TestNG] Running:
  C:\eclipse-workspace\OpencartV121\master.xml

21:07:38.554 [main] INFO  testCases.TC001_AccountRegistrationTest - ****** Starting TC001_AccountRegistrationTest ****
21:07:39.055 [main] INFO  testCases.TC001_AccountRegistrationTest - * clicked on my account link *
21:07:39.943 [main] INFO  testCases.TC001_AccountRegistrationTest - * clicked on register link * 
21:07:39.955 [main] INFO  testCases.TC001_AccountRegistrationTest - * providing customer details * 
21:07:42.212 [main] INFO  testCases.TC001_AccountRegistrationTest - *validating expected message * 
21:07:42.314 [main] INFO  testCases.TC001_AccountRegistrationTest - ****** finished TC001_AccountRegistrationTest *****
21:07:47.009 [main] INFO  testCases.TC002_LoginTest - *** starting TC_002_LoginTest ***
21:07:49.521 [main] INFO  testCases.TC002_LoginTest - *** Finished TC_002_LoginTest****
21:08:22.319 [main] INFO  testCases.TC001_AccountRegistrationTest - ****** Starting TC001_AccountRegistrationTest ****
21:08:23.013 [main] INFO  testCases.TC001_AccountRegistrationTest - * clicked on my account link *
21:08:23.941 [main] INFO  testCases.TC001_AccountRegistrationTest - * clicked on register link * 
21:08:23.953 [main] INFO  testCases.TC001_AccountRegistrationTest - * providing customer details * 
21:08:25.828 [main] INFO  testCases.TC001_AccountRegistrationTest - *validating expected message * 
21:08:25.909 [main] INFO  testCases.TC001_AccountRegistrationTest - ****** finished TC001_AccountRegistrationTest *****
21:08:30.313 [main] INFO  testCases.TC002_LoginTest - *** starting TC_002_LoginTest ***
21:08:32.645 [main] INFO  testCases.TC002_LoginTest - *** Finished TC_002_LoginTest****
17:58:42.831 [main] INFO  testCases.TC001_AccountRegistrationTest - ****** Starting TC001_AccountRegistrationTest ****
17:58:43.325 [main] INFO  testCases.TC001_AccountRegistrationTest - * clicked on my account link *
17:58:44.159 [main] INFO  testCases.TC001_AccountRegistrationTest - * clicked on register link * 
17:58:44.170 [main] INFO  testCases.TC001_AccountRegistrationTest - * providing customer details * 
17:58:46.028 [main] INFO  testCases.TC001_AccountRegistrationTest - *validating expected message * 
17:58:46.118 [main] INFO  testCases.TC001_AccountRegistrationTest - ****** finished TC001_AccountRegistrationTest *****
17:58:50.356 [main] INFO  testCases.TC002_LoginTest - *** starting TC_002_LoginTest ***
17:58:52.818 [main] INFO  testCases.TC002_LoginTest - *** Finished TC_002_LoginTest****
17:59:46.968 [main] INFO  org.testng.internal.Utils - [TestNG] Running:
  C:\eclipse-workspace\OpencartV121\master.xml

17:59:52.303 [main] INFO  testCases.TC001_AccountRegistrationTest - ****** Starting TC001_AccountRegistrationTest ****
17:59:52.979 [main] INFO  testCases.TC001_AccountRegistrationTest - * clicked on my account link *
17:59:53.892 [main] INFO  testCases.TC001_AccountRegistrationTest - * clicked on register link * 
17:59:53.902 [main] INFO  testCases.TC001_AccountRegistrationTest - * providing customer details * 
17:59:55.764 [main] INFO  testCases.TC001_AccountRegistrationTest - *validating expected message * 
17:59:55.825 [main] INFO  testCases.TC001_AccountRegistrationTest - ****** finished TC001_AccountRegistrationTest *****
18:00:00.109 [main] INFO  testCases.TC002_LoginTest - *** starting TC_002_LoginTest ***
18:00:02.402 [main] INFO  testCases.TC002_LoginTest - *** Finished TC_002_LoginTest****
13:18:40.587 [main] INFO  testCases.TC001_AccountRegistrationTest - ****** Starting TC001_AccountRegistrationTest ****
13:18:41.223 [main] INFO  testCases.TC001_AccountRegistrationTest - * clicked on my account link *
13:18:42.117 [main] INFO  testCases.TC001_AccountRegistrationTest - * clicked on register link * 
13:18:42.123 [main] INFO  testCases.TC001_AccountRegistrationTest - * providing customer details * 
13:18:44.022 [main] INFO  testCases.TC001_AccountRegistrationTest - *validating expected message * 
13:18:44.107 [main] INFO  testCases.TC001_AccountRegistrationTest - ****** finished TC001_AccountRegistrationTest *****
13:18:48.738 [main] INFO  testCases.TC002_LoginTest - *** starting TC_002_LoginTest ***
13:18:50.986 [main] INFO  testCases.TC002_LoginTest - *** Finished TC_002_LoginTest****
13:59:23.098 [main] INFO  testCases.TC001_AccountRegistrationTest - ****** Starting TC001_AccountRegistrationTest ****
13:59:23.881 [main] INFO  testCases.TC001_AccountRegistrationTest - * clicked on my account link *
13:59:24.697 [main] INFO  testCases.TC001_AccountRegistrationTest - * clicked on register link * 
13:59:24.706 [main] INFO  testCases.TC001_AccountRegistrationTest - * providing customer details * 
13:59:26.806 [main] INFO  testCases.TC001_AccountRegistrationTest - *validating expected message * 
13:59:26.873 [main] INFO  testCases.TC001_AccountRegistrationTest - ****** finished TC001_AccountRegistrationTest *****
13:59:31.455 [main] INFO  testCases.TC002_LoginTest - *** starting TC_002_LoginTest ***
13:59:33.716 [main] INFO  testCases.TC002_LoginTest - *** Finished TC_002_LoginTest****
14:11:15.195 [main] INFO  testCases.TC001_AccountRegistrationTest - ****** Starting TC001_AccountRegistrationTest ****
14:11:15.685 [main] INFO  testCases.TC001_AccountRegistrationTest - * clicked on my account link *
14:11:16.562 [main] INFO  testCases.TC001_AccountRegistrationTest - * clicked on register link * 
14:11:16.567 [main] INFO  testCases.TC001_AccountRegistrationTest - * providing customer details * 
14:11:18.516 [main] INFO  testCases.TC001_AccountRegistrationTest - *validating expected message * 
14:11:18.591 [main] INFO  testCases.TC001_AccountRegistrationTest - ****** finished TC001_AccountRegistrationTest *****
14:11:22.903 [main] INFO  testCases.TC002_LoginTest - *** starting TC_002_LoginTest ***
14:11:24.838 [main] INFO  testCases.TC002_LoginTest - *** Finished TC_002_LoginTest****
